# JRE version: Java(TM) SE Runtime Environment 18.9 (11.0.15+8) (build 11.0.15+8-LTS-149)
# Java VM: Java HotSpot(TM) 64-Bit Server VM 18.9 (11.0.15+8-LTS-149, mixed mode, tiered, compressed oops, g1 gc, windows-amd64)
Heap:
 garbage-first heap   total 189440K, used 52451K [0x0000000080000000, 0x0000000100000000)
  region size 1024K, 36 young (36864K), 1 survivors (1024K)
 Metaspace       used 52394K, capacity 53927K, committed 54144K, reserved 1095680K
  class space    used 6383K, capacity 7030K, committed 7040K, reserved 1048576K
GC Heap History (10 events):
Event: 282511.283 GC heap before
{Heap before GC invocations=99 (full 0):
 garbage-first heap   total 189440K, used 130278K [0x0000000080000000, 0x0000000100000000)
  region size 1024K, 111 young (113664K), 1 survivors (1024K)
 Metaspace       used 52394K, capacity 53927K, committed 54144K, reserved 1095680K
  class space    used 6383K, capacity 7030K, committed 7040K, reserved 1048576K
}
Event: 282511.285 GC heap after
{Heap after GC invocations=100 (full 0):
 garbage-first heap   total 189440K, used 17639K [0x0000000080000000, 0x0000000100000000)
  region size 1024K, 1 young (1024K), 1 survivors (1024K)
 Metaspace       used 52394K, capacity 53927K, committed 54144K, reserved 1095680K
  class space    used 6383K, capacity 7030K, committed 7040K, reserved 1048576K
}
Event: 285883.536 GC heap before
{Heap before GC invocations=100 (full 0):
 garbage-first heap   total 189440K, used 130279K [0x0000000080000000, 0x0000000100000000)
  region size 1024K, 111 young (113664K), 1 survivors (1024K)
 Metaspace       used 52394K, capacity 53927K, committed 54144K, reserved 1095680K
  class space    used 6383K, capacity 7030K, committed 7040K, reserved 1048576K
}
Event: 285883.538 GC heap after
{Heap after GC invocations=101 (full 0):
 garbage-first heap   total 189440K, used 17636K [0x0000000080000000, 0x0000000100000000)
  region size 1024K, 1 young (1024K), 1 survivors (1024K)
 Metaspace       used 52394K, capacity 53927K, committed 54144K, reserved 1095680K
  class space    used 6383K, capacity 7030K, committed 7040K, reserved 1048576K
}
Event: 289258.585 GC heap before
{Heap before GC invocations=101 (full 0):
 garbage-first heap   total 189440K, used 130276K [0x0000000080000000, 0x0000000100000000)
  region size 1024K, 111 young (113664K), 1 survivors (1024K)
 Metaspace       used 52394K, capacity 53927K, committed 54144K, reserved 1095680K
  class space    used 6383K, capacity 7030K, committed 7040K, reserved 1048576K
}
Event: 289258.587 GC heap after
{Heap after GC invocations=102 (full 0):
 garbage-first heap   total 189440K, used 17635K [0x0000000080000000, 0x0000000100000000)
  region size 1024K, 1 young (1024K), 1 survivors (1024K)
 Metaspace       used 52394K, capacity 53927K, committed 54144K, reserved 1095680K
  class space    used 6383K, capacity 7030K, committed 7040K, reserved 1048576K
}
Event: 292632.391 GC heap before
{Heap before GC invocations=102 (full 0):
 garbage-first heap   total 189440K, used 130275K [0x0000000080000000, 0x0000000100000000)
  region size 1024K, 111 young (113664K), 1 survivors (1024K)
 Metaspace       used 52394K, capacity 53927K, committed 54144K, reserved 1095680K
  class space    used 6383K, capacity 7030K, committed 7040K, reserved 1048576K
}
Event: 292632.393 GC heap after
{Heap after GC invocations=103 (full 0):
 garbage-first heap   total 189440K, used 17640K [0x0000000080000000, 0x0000000100000000)
  region size 1024K, 1 young (1024K), 1 survivors (1024K)
 Metaspace       used 52394K, capacity 53927K, committed 54144K, reserved 1095680K
  class space    used 6383K, capacity 7030K, committed 7040K, reserved 1048576K
}
Event: 296006.530 GC heap before
{Heap before GC invocations=103 (full 0):
 garbage-first heap   total 189440K, used 130280K [0x0000000080000000, 0x0000000100000000)
  region size 1024K, 111 young (113664K), 1 survivors (1024K)
 Metaspace       used 52394K, capacity 53927K, committed 54144K, reserved 1095680K
  class space    used 6383K, capacity 7030K, committed 7040K, reserved 1048576K
}
Event: 296006.532 GC heap after
{Heap after GC invocations=104 (full 0):
 garbage-first heap   total 189440K, used 17635K [0x0000000080000000, 0x0000000100000000)
  region size 1024K, 1 young (1024K), 1 survivors (1024K)
 Metaspace       used 52394K, capacity 53927K, committed 54144K, reserved 1095680K
  class space    used 6383K, capacity 7030K, committed 7040K, reserved 1048576K
}

